Performing C++ SOURCE FILE Test CXXFLAG_WCAST_ALIGN_STRICT_OKAY failed with the following output:
Change Dir: /Users/rachanaaluri/Desktop/cs211/final_project/cmake-build-debug/CMakeFiles/CMakeScratch/TryCompile-IWzP8Q

Run Build Command(s):/usr/bin/make -f Makefile cmTC_30364/fast && /Library/Developer/CommandLineTools/usr/bin/make  -f CMakeFiles/cmTC_30364.dir/build.make CMakeFiles/cmTC_30364.dir/build
Building CXX object CMakeFiles/cmTC_30364.dir/src.cxx.o
/Library/Developer/CommandLineTools/usr/bin/c++ -DCXXFLAG_WCAST_ALIGN_STRICT_OKAY  -arch arm64 -isysroot /Library/Developer/CommandLineTools/SDKs/MacOSX12.3.sdk -fcolor-diagnostics   -Wcast-align=strict -MD -MT CMakeFiles/cmTC_30364.dir/src.cxx.o -MF CMakeFiles/cmTC_30364.dir/src.cxx.o.d -o CMakeFiles/cmTC_30364.dir/src.cxx.o -c /Users/rachanaaluri/Desktop/cs211/final_project/cmake-build-debug/CMakeFiles/CMakeScratch/TryCompile-IWzP8Q/src.cxx
[0;1;35mwarning: [0m[1munknown warning option '-Wcast-align=strict'; did you mean '-Wcast-align'? [-Wunknown-warning-option][0m
1 warning generated.
Linking CXX executable cmTC_30364
/Applications/CLion.app/Contents/bin/cmake/mac/bin/cmake -E cmake_link_script CMakeFiles/cmTC_30364.dir/link.txt --verbose=1
/Library/Developer/CommandLineTools/usr/bin/c++  -arch arm64 -isysroot /Library/Developer/CommandLineTools/SDKs/MacOSX12.3.sdk -Wl,-search_paths_first -Wl,-headerpad_max_install_names CMakeFiles/cmTC_30364.dir/src.cxx.o -o cmTC_30364 


Source file was:
int main() { return 0; }

Performing C++ SOURCE FILE Test CXXFLAG_WERROR_BOOL_COMPARE_OKAY failed with the following output:
Change Dir: /Users/rachanaaluri/Desktop/cs211/final_project/cmake-build-debug/CMakeFiles/CMakeScratch/TryCompile-ymeOYM

Run Build Command(s):/usr/bin/make -f Makefile cmTC_22dcb/fast && /Library/Developer/CommandLineTools/usr/bin/make  -f CMakeFiles/cmTC_22dcb.dir/build.make CMakeFiles/cmTC_22dcb.dir/build
Building CXX object CMakeFiles/cmTC_22dcb.dir/src.cxx.o
/Library/Developer/CommandLineTools/usr/bin/c++ -DCXXFLAG_WERROR_BOOL_COMPARE_OKAY  -arch arm64 -isysroot /Library/Developer/CommandLineTools/SDKs/MacOSX12.3.sdk -fcolor-diagnostics   -Werror=bool-compare -MD -MT CMakeFiles/cmTC_22dcb.dir/src.cxx.o -MF CMakeFiles/cmTC_22dcb.dir/src.cxx.o.d -o CMakeFiles/cmTC_22dcb.dir/src.cxx.o -c /Users/rachanaaluri/Desktop/cs211/final_project/cmake-build-debug/CMakeFiles/CMakeScratch/TryCompile-ymeOYM/src.cxx
[0;1;35mwarning: [0m[1munknown warning option '-Werror=bool-compare' [-Wunknown-warning-option][0m
1 warning generated.
Linking CXX executable cmTC_22dcb
/Applications/CLion.app/Contents/bin/cmake/mac/bin/cmake -E cmake_link_script CMakeFiles/cmTC_22dcb.dir/link.txt --verbose=1
/Library/Developer/CommandLineTools/usr/bin/c++  -arch arm64 -isysroot /Library/Developer/CommandLineTools/SDKs/MacOSX12.3.sdk -Wl,-search_paths_first -Wl,-headerpad_max_install_names CMakeFiles/cmTC_22dcb.dir/src.cxx.o -o cmTC_22dcb 


Source file was:
int main() { return 0; }

