The system is: Darwin - 21.6.0 - arm64
Compiling the CXX compiler identification source file "CMakeCXXCompilerId.cpp" succeeded.
Compiler: /Library/Developer/CommandLineTools/usr/bin/c++ 
Build flags: 
Id flags: -c 

The output was:
0


Compilation of the CXX compiler identification source "CMakeCXXCompilerId.cpp" produced "CMakeCXXCompilerId.o"

The CXX compiler identification is AppleClang, found in "/Users/rachanaaluri/Desktop/cs211/final_project/cmake-build-debug/CMakeFiles/3.25.2/CompilerIdCXX/CMakeCXXCompilerId.o"

Detecting CXX compiler ABI info compiled with the following output:
Change Dir: /Users/rachanaaluri/Desktop/cs211/final_project/cmake-build-debug/CMakeFiles/CMakeScratch/TryCompile-cg5KsM

Run Build Command(s):/usr/bin/make -f Makefile cmTC_1f248/fast && /Library/Developer/CommandLineTools/usr/bin/make  -f CMakeFiles/cmTC_1f248.dir/build.make CMakeFiles/cmTC_1f248.dir/build
Building CXX object CMakeFiles/cmTC_1f248.dir/CMakeCXXCompilerABI.cpp.o
/Library/Developer/CommandLineTools/usr/bin/c++   -arch arm64 -isysroot /Library/Developer/CommandLineTools/SDKs/MacOSX12.3.sdk -fcolor-diagnostics   -v -Wl,-v -MD -MT CMakeFiles/cmTC_1f248.dir/CMakeCXXCompilerABI.cpp.o -MF CMakeFiles/cmTC_1f248.dir/CMakeCXXCompilerABI.cpp.o.d -o CMakeFiles/cmTC_1f248.dir/CMakeCXXCompilerABI.cpp.o -c /Applications/CLion.app/Contents/bin/cmake/mac/share/cmake-3.25/Modules/CMakeCXXCompilerABI.cpp
Apple clang version 13.1.6 (clang-1316.0.21.2.5)
Target: arm64-apple-darwin21.6.0
Thread model: posix
InstalledDir: /Library/Developer/CommandLineTools/usr/bin
clang: [0;1;35mwarning: [0m[1m-Wl,-v: 'linker' input unused [-Wunused-command-line-argument][0m
 "/Library/Developer/CommandLineTools/usr/bin/clang" -cc1 -triple arm64-apple-macosx12.0.0 -Wundef-prefix=TARGET_OS_ -Wdeprecated-objc-isa-usage -Werror=deprecated-objc-isa-usage -Werror=implicit-function-declaration -emit-obj -mrelax-all --mrelax-relocations -disable-free -disable-llvm-verifier -discard-value-names -main-file-name CMakeCXXCompilerABI.cpp -mrelocation-model pic -pic-level 2 -mframe-pointer=non-leaf -fno-strict-return -fno-rounding-math -munwind-tables -target-sdk-version=12.3 -fvisibility-inlines-hidden-static-local-var -target-cpu apple-m1 -target-feature +v8.5a -target-feature +fp-armv8 -target-feature +neon -target-feature +crc -target-feature +crypto -target-feature +dotprod -target-feature +fp16fml -target-feature +ras -target-feature +lse -target-feature +rdm -target-feature +rcpc -target-feature +zcm -target-feature +zcz -target-feature +fullfp16 -target-feature +sm4 -target-feature +sha3 -target-feature +sha2 -target-feature +aes -target-abi darwinpcs -fallow-half-arguments-and-returns -debugger-tuning=lldb -target-linker-version 763 -v -resource-dir /Library/Developer/CommandLineTools/usr/lib/clang/13.1.6 -dependency-file CMakeFiles/cmTC_1f248.dir/CMakeCXXCompilerABI.cpp.o.d -skip-unused-modulemap-deps -MT CMakeFiles/cmTC_1f248.dir/CMakeCXXCompilerABI.cpp.o -sys-header-deps -isysroot /Library/Developer/CommandLineTools/SDKs/MacOSX12.3.sdk -stdlib=libc++ -internal-isystem /Library/Developer/CommandLineTools/SDKs/MacOSX12.3.sdk/usr/include/c++/v1 -internal-isystem /Library/Developer/CommandLineTools/SDKs/MacOSX12.3.sdk/usr/local/include -internal-isystem /Library/Developer/CommandLineTools/usr/lib/clang/13.1.6/include -internal-externc-isystem /Library/Developer/CommandLineTools/SDKs/MacOSX12.3.sdk/usr/include -internal-externc-isystem /Library/Developer/CommandLineTools/usr/include -Wno-reorder-init-list -Wno-implicit-int-float-conversion -Wno-c99-designator -Wno-final-dtor-non-final-class -Wno-extra-semi-stmt -Wno-misleading-indentation -Wno-quoted-include-in-framework-header -Wno-implicit-fallthrough -Wno-enum-enum-conversion -Wno-enum-float-conversion -Wno-elaborated-enum-base -Wno-reserved-identifier -Wno-gnu-folding-constant -Wno-objc-load-method -fdeprecated-macro -fdebug-compilation-dir=/Users/rachanaaluri/Desktop/cs211/final_project/cmake-build-debug/CMakeFiles/CMakeScratch/TryCompile-cg5KsM -ferror-limit 19 -stack-protector 1 -fstack-check -mdarwin-stkchk-strong-link -fblocks -fencode-extended-block-signature -fregister-global-dtors-with-atexit -fgnuc-version=4.2.1 -fno-cxx-modules -fcxx-exceptions -fexceptions -fmax-type-align=16 -fcommon -fcolor-diagnostics -clang-vendor-feature=+messageToSelfInClassMethodIdReturnType -clang-vendor-feature=+disableInferNewAvailabilityFromInit -clang-vendor-feature=+disableNonDependentMemberExprInCurrentInstantiation -fno-odr-hash-protocols -clang-vendor-feature=+enableAggressiveVLAFolding -clang-vendor-feature=+revert09abecef7bbf -clang-vendor-feature=+thisNoAlignAttr -clang-vendor-feature=+thisNoNullAttr -mllvm -disable-aligned-alloc-awareness=1 -D__GCC_HAVE_DWARF2_CFI_ASM=1 -o CMakeFiles/cmTC_1f248.dir/CMakeCXXCompilerABI.cpp.o -x c++ /Applications/CLion.app/Contents/bin/cmake/mac/share/cmake-3.25/Modules/CMakeCXXCompilerABI.cpp
clang -cc1 version 13.1.6 (clang-1316.0.21.2.5) default target arm64-apple-darwin21.6.0
ignoring nonexistent directory "/Library/Developer/CommandLineTools/SDKs/MacOSX12.3.sdk/usr/local/include"
ignoring nonexistent directory "/Library/Developer/CommandLineTools/SDKs/MacOSX12.3.sdk/Library/Frameworks"
#include "..." search starts here:
#include <...> search starts here:
 /Library/Developer/CommandLineTools/SDKs/MacOSX12.3.sdk/usr/include/c++/v1
 /Library/Developer/CommandLineTools/usr/lib/clang/13.1.6/include
 /Library/Developer/CommandLineTools/SDKs/MacOSX12.3.sdk/usr/include
 /Library/Developer/CommandLineTools/usr/include
 /Library/Developer/CommandLineTools/SDKs/MacOSX12.3.sdk/System/Library/Frameworks (framework directory)
End of search list.
Linking CXX executable cmTC_1f248
/Applications/CLion.app/Contents/bin/cmake/mac/bin/cmake -E cmake_link_script CMakeFiles/cmTC_1f248.dir/link.txt --verbose=1
/Library/Developer/CommandLineTools/usr/bin/c++  -arch arm64 -isysroot /Library/Developer/CommandLineTools/SDKs/MacOSX12.3.sdk -Wl,-search_paths_first -Wl,-headerpad_max_install_names  -v -Wl,-v CMakeFiles/cmTC_1f248.dir/CMakeCXXCompilerABI.cpp.o -o cmTC_1f248 
Apple clang version 13.1.6 (clang-1316.0.21.2.5)
Target: arm64-apple-darwin21.6.0
Thread model: posix
InstalledDir: /Library/Developer/CommandLineTools/usr/bin
 "/Library/Developer/CommandLineTools/usr/bin/ld" -demangle -lto_library /Library/Developer/CommandLineTools/usr/lib/libLTO.dylib -dynamic -arch arm64 -platform_version macos 12.0.0 12.3 -syslibroot /Library/Developer/CommandLineTools/SDKs/MacOSX12.3.sdk -o cmTC_1f248 -search_paths_first -headerpad_max_install_names -v CMakeFiles/cmTC_1f248.dir/CMakeCXXCompilerABI.cpp.o -lc++ -lSystem /Library/Developer/CommandLineTools/usr/lib/clang/13.1.6/lib/darwin/libclang_rt.osx.a
@(#)PROGRAM:ld  PROJECT:ld64-764
BUILD 11:22:55 Apr 28 2022
configured to support archs: armv6 armv7 armv7s arm64 arm64e arm64_32 i386 x86_64 x86_64h armv6m armv7k armv7m armv7em
Library search paths:
	/Library/Developer/CommandLineTools/SDKs/MacOSX12.3.sdk/usr/lib
Framework search paths:
	/Library/Developer/CommandLineTools/SDKs/MacOSX12.3.sdk/System/Library/Frameworks/



Parsed CXX implicit include dir info from above output: rv=loading
  found start of include info
  warn: unable to parse implicit include dirs!


Parsed CXX implicit link information from above output:
  link line regex: [^( *|.*[/\])(ld|CMAKE_LINK_STARTFILE-NOTFOUND|([^/\]+-)?ld|collect2)[^/\]*( |$)]
  ignore line: [Change Dir: /Users/rachanaaluri/Desktop/cs211/final_project/cmake-build-debug/CMakeFiles/CMakeScratch/TryCompile-cg5KsM]
  ignore line: []
  ignore line: [Run Build Command(s):/usr/bin/make -f Makefile cmTC_1f248/fast && /Library/Developer/CommandLineTools/usr/bin/make  -f CMakeFiles/cmTC_1f248.dir/build.make CMakeFiles/cmTC_1f248.dir/build]
  ignore line: [Building CXX object CMakeFiles/cmTC_1f248.dir/CMakeCXXCompilerABI.cpp.o]
  ignore line: [/Library/Developer/CommandLineTools/usr/bin/c++   -arch arm64 -isysroot /Library/Developer/CommandLineTools/SDKs/MacOSX12.3.sdk -fcolor-diagnostics   -v -Wl -v -MD -MT CMakeFiles/cmTC_1f248.dir/CMakeCXXCompilerABI.cpp.o -MF CMakeFiles/cmTC_1f248.dir/CMakeCXXCompilerABI.cpp.o.d -o CMakeFiles/cmTC_1f248.dir/CMakeCXXCompilerABI.cpp.o -c /Applications/CLion.app/Contents/bin/cmake/mac/share/cmake-3.25/Modules/CMakeCXXCompilerABI.cpp]
  ignore line: [Apple clang version 13.1.6 (clang-1316.0.21.2.5)]
  ignore line: [Target: arm64-apple-darwin21.6.0]
  ignore line: [Thread model: posix]
  ignore line: [InstalledDir: /Library/Developer/CommandLineTools/usr/bin]
  ignore line: [clang: [0;1;35mwarning: [0m[1m-Wl,-v: 'linker' input unused [-Wunused-command-line-argument][0m; "/Library/Developer/CommandLineTools/usr/bin/clang" -cc1 -triple arm64-apple-macosx12.0.0 -Wundef-prefix=TARGET_OS_ -Wdeprecated-objc-isa-usage -Werror=deprecated-objc-isa-usage -Werror=implicit-function-declaration -emit-obj -mrelax-all --mrelax-relocations -disable-free -disable-llvm-verifier -discard-value-names -main-file-name CMakeCXXCompilerABI.cpp -mrelocation-model pic -pic-level 2 -mframe-pointer=non-leaf -fno-strict-return -fno-rounding-math -munwind-tables -target-sdk-version=12.3 -fvisibility-inlines-hidden-static-local-var -target-cpu apple-m1 -target-feature +v8.5a -target-feature +fp-armv8 -target-feature +neon -target-feature +crc -target-feature +crypto -target-feature +dotprod -target-feature +fp16fml -target-feature +ras -target-feature +lse -target-feature +rdm -target-feature +rcpc -target-feature +zcm -target-feature +zcz -target-feature +fullfp16 -target-feature +sm4 -target-feature +sha3 -target-feature +sha2 -target-feature +aes -target-abi darwinpcs -fallow-half-arguments-and-returns -debugger-tuning=lldb -target-linker-version 763 -v -resource-dir /Library/Developer/CommandLineTools/usr/lib/clang/13.1.6 -dependency-file CMakeFiles/cmTC_1f248.dir/CMakeCXXCompilerABI.cpp.o.d -skip-unused-modulemap-deps -MT CMakeFiles/cmTC_1f248.dir/CMakeCXXCompilerABI.cpp.o -sys-header-deps -isysroot /Library/Developer/CommandLineTools/SDKs/MacOSX12.3.sdk -stdlib=libc++ -internal-isystem /Library/Developer/CommandLineTools/SDKs/MacOSX12.3.sdk/usr/include/c++/v1 -internal-isystem /Library/Developer/CommandLineTools/SDKs/MacOSX12.3.sdk/usr/local/include -internal-isystem /Library/Developer/CommandLineTools/usr/lib/clang/13.1.6/include -internal-externc-isystem /Library/Developer/CommandLineTools/SDKs/MacOSX12.3.sdk/usr/include -internal-externc-isystem /Library/Developer/CommandLineTools/usr/include -Wno-reorder-init-list -Wno-implicit-int-float-conversion -Wno-c99-designator -Wno-final-dtor-non-final-class -Wno-extra-semi-stmt -Wno-misleading-indentation -Wno-quoted-include-in-framework-header -Wno-implicit-fallthrough -Wno-enum-enum-conversion -Wno-enum-float-conversion -Wno-elaborated-enum-base -Wno-reserved-identifier -Wno-gnu-folding-constant -Wno-objc-load-method -fdeprecated-macro -fdebug-compilation-dir=/Users/rachanaaluri/Desktop/cs211/final_project/cmake-build-debug/CMakeFiles/CMakeScratch/TryCompile-cg5KsM -ferror-limit 19 -stack-protector 1 -fstack-check -mdarwin-stkchk-strong-link -fblocks -fencode-extended-block-signature -fregister-global-dtors-with-atexit -fgnuc-version=4.2.1 -fno-cxx-modules -fcxx-exceptions -fexceptions -fmax-type-align=16 -fcommon -fcolor-diagnostics -clang-vendor-feature=+messageToSelfInClassMethodIdReturnType -clang-vendor-feature=+disableInferNewAvailabilityFromInit -clang-vendor-feature=+disableNonDependentMemberExprInCurrentInstantiation -fno-odr-hash-protocols -clang-vendor-feature=+enableAggressiveVLAFolding -clang-vendor-feature=+revert09abecef7bbf -clang-vendor-feature=+thisNoAlignAttr -clang-vendor-feature=+thisNoNullAttr -mllvm -disable-aligned-alloc-awareness=1 -D__GCC_HAVE_DWARF2_CFI_ASM=1 -o CMakeFiles/cmTC_1f248.dir/CMakeCXXCompilerABI.cpp.o -x c++ /Applications/CLion.app/Contents/bin/cmake/mac/share/cmake-3.25/Modules/CMakeCXXCompilerABI.cpp;clang -cc1 version 13.1.6 (clang-1316.0.21.2.5) default target arm64-apple-darwin21.6.0;ignoring nonexistent directory "/Library/Developer/CommandLineTools/SDKs/MacOSX12.3.sdk/usr/local/include";ignoring nonexistent directory "/Library/Developer/CommandLineTools/SDKs/MacOSX12.3.sdk/Library/Frameworks";#include "..." search starts here:;#include <...> search starts here:; /Library/Developer/CommandLineTools/SDKs/MacOSX12.3.sdk/usr/include/c++/v1; /Library/Developer/CommandLineTools/usr/lib/clang/13.1.6/include; /Library/Developer/CommandLineTools/SDKs/MacOSX12.3.sdk/usr/include; /Library/Developer/CommandLineTools/usr/include; /Library/Developer/CommandLineTools/SDKs/MacOSX12.3.sdk/System/Library/Frameworks (framework directory);End of search list.;Linking CXX executable cmTC_1f248;/Applications/CLion.app/Contents/bin/cmake/mac/bin/cmake -E cmake_link_script CMakeFiles/cmTC_1f248.dir/link.txt --verbose=1;/Library/Developer/CommandLineTools/usr/bin/c++  -arch arm64 -isysroot /Library/Developer/CommandLineTools/SDKs/MacOSX12.3.sdk -Wl,-search_paths_first -Wl,-headerpad_max_install_names  -v -Wl,-v CMakeFiles/cmTC_1f248.dir/CMakeCXXCompilerABI.cpp.o -o cmTC_1f248 ;Apple clang version 13.1.6 (clang-1316.0.21.2.5);Target: arm64-apple-darwin21.6.0;Thread model: posix;InstalledDir: /Library/Developer/CommandLineTools/usr/bin; "/Library/Developer/CommandLineTools/usr/bin/ld" -demangle -lto_library /Library/Developer/CommandLineTools/usr/lib/libLTO.dylib -dynamic -arch arm64 -platform_version macos 12.0.0 12.3 -syslibroot /Library/Developer/CommandLineTools/SDKs/MacOSX12.3.sdk -o cmTC_1f248 -search_paths_first -headerpad_max_install_names -v CMakeFiles/cmTC_1f248.dir/CMakeCXXCompilerABI.cpp.o -lc++ -lSystem /Library/Developer/CommandLineTools/usr/lib/clang/13.1.6/lib/darwin/libclang_rt.osx.a;@(#)PROGRAM:ld  PROJECT:ld64-764;BUILD 11:22:55 Apr 28 2022;configured to support archs: armv6 armv7 armv7s arm64 arm64e arm64_32 i386 x86_64 x86_64h armv6m armv7k armv7m armv7em;Library search paths:;	/Library/Developer/CommandLineTools/SDKs/MacOSX12.3.sdk/usr/lib;Framework search paths:;	/Library/Developer/CommandLineTools/SDKs/MacOSX12.3.sdk/System/Library/Frameworks/;;]
  Library search paths: [;/Library/Developer/CommandLineTools/SDKs/MacOSX12.3.sdk/usr/lib]
  Framework search paths: [;/Library/Developer/CommandLineTools/SDKs/MacOSX12.3.sdk/System/Library/Frameworks/]
  collapse library dir [/Library/Developer/CommandLineTools/SDKs/MacOSX12.3.sdk/usr/lib] ==> [/Library/Developer/CommandLineTools/SDKs/MacOSX12.3.sdk/usr/lib]
  collapse framework dir [/Library/Developer/CommandLineTools/SDKs/MacOSX12.3.sdk/System/Library/Frameworks/] ==> [/Library/Developer/CommandLineTools/SDKs/MacOSX12.3.sdk/System/Library/Frameworks]
  implicit libs: []
  implicit objs: []
  implicit dirs: [/Library/Developer/CommandLineTools/SDKs/MacOSX12.3.sdk/usr/lib]
  implicit fwks: [/Library/Developer/CommandLineTools/SDKs/MacOSX12.3.sdk/System/Library/Frameworks]


Performing C++ SOURCE FILE Test CXXFLAG_WALL_OKAY succeeded with the following output:
Change Dir: /Users/rachanaaluri/Desktop/cs211/final_project/cmake-build-debug/CMakeFiles/CMakeScratch/TryCompile-hBfHCO

Run Build Command(s):/usr/bin/make -f Makefile cmTC_7bfd5/fast && /Library/Developer/CommandLineTools/usr/bin/make  -f CMakeFiles/cmTC_7bfd5.dir/build.make CMakeFiles/cmTC_7bfd5.dir/build
Building CXX object CMakeFiles/cmTC_7bfd5.dir/src.cxx.o
/Library/Developer/CommandLineTools/usr/bin/c++ -DCXXFLAG_WALL_OKAY  -arch arm64 -isysroot /Library/Developer/CommandLineTools/SDKs/MacOSX12.3.sdk -fcolor-diagnostics   -Wall -MD -MT CMakeFiles/cmTC_7bfd5.dir/src.cxx.o -MF CMakeFiles/cmTC_7bfd5.dir/src.cxx.o.d -o CMakeFiles/cmTC_7bfd5.dir/src.cxx.o -c /Users/rachanaaluri/Desktop/cs211/final_project/cmake-build-debug/CMakeFiles/CMakeScratch/TryCompile-hBfHCO/src.cxx
Linking CXX executable cmTC_7bfd5
/Applications/CLion.app/Contents/bin/cmake/mac/bin/cmake -E cmake_link_script CMakeFiles/cmTC_7bfd5.dir/link.txt --verbose=1
/Library/Developer/CommandLineTools/usr/bin/c++  -arch arm64 -isysroot /Library/Developer/CommandLineTools/SDKs/MacOSX12.3.sdk -Wl,-search_paths_first -Wl,-headerpad_max_install_names CMakeFiles/cmTC_7bfd5.dir/src.cxx.o -o cmTC_7bfd5 


Source file was:
int main() { return 0; }

Performing C++ SOURCE FILE Test CXXFLAG_WCAST_QUAL_OKAY succeeded with the following output:
Change Dir: /Users/rachanaaluri/Desktop/cs211/final_project/cmake-build-debug/CMakeFiles/CMakeScratch/TryCompile-pJlYue

Run Build Command(s):/usr/bin/make -f Makefile cmTC_f37a1/fast && /Library/Developer/CommandLineTools/usr/bin/make  -f CMakeFiles/cmTC_f37a1.dir/build.make CMakeFiles/cmTC_f37a1.dir/build
Building CXX object CMakeFiles/cmTC_f37a1.dir/src.cxx.o
/Library/Developer/CommandLineTools/usr/bin/c++ -DCXXFLAG_WCAST_QUAL_OKAY  -arch arm64 -isysroot /Library/Developer/CommandLineTools/SDKs/MacOSX12.3.sdk -fcolor-diagnostics   -Wcast-qual -MD -MT CMakeFiles/cmTC_f37a1.dir/src.cxx.o -MF CMakeFiles/cmTC_f37a1.dir/src.cxx.o.d -o CMakeFiles/cmTC_f37a1.dir/src.cxx.o -c /Users/rachanaaluri/Desktop/cs211/final_project/cmake-build-debug/CMakeFiles/CMakeScratch/TryCompile-pJlYue/src.cxx
Linking CXX executable cmTC_f37a1
/Applications/CLion.app/Contents/bin/cmake/mac/bin/cmake -E cmake_link_script CMakeFiles/cmTC_f37a1.dir/link.txt --verbose=1
/Library/Developer/CommandLineTools/usr/bin/c++  -arch arm64 -isysroot /Library/Developer/CommandLineTools/SDKs/MacOSX12.3.sdk -Wl,-search_paths_first -Wl,-headerpad_max_install_names CMakeFiles/cmTC_f37a1.dir/src.cxx.o -o cmTC_f37a1 


Source file was:
int main() { return 0; }

Performing C++ SOURCE FILE Test CXXFLAG_WDANGLING_ELSE_OKAY succeeded with the following output:
Change Dir: /Users/rachanaaluri/Desktop/cs211/final_project/cmake-build-debug/CMakeFiles/CMakeScratch/TryCompile-H8Lxfo

Run Build Command(s):/usr/bin/make -f Makefile cmTC_a1435/fast && /Library/Developer/CommandLineTools/usr/bin/make  -f CMakeFiles/cmTC_a1435.dir/build.make CMakeFiles/cmTC_a1435.dir/build
Building CXX object CMakeFiles/cmTC_a1435.dir/src.cxx.o
/Library/Developer/CommandLineTools/usr/bin/c++ -DCXXFLAG_WDANGLING_ELSE_OKAY  -arch arm64 -isysroot /Library/Developer/CommandLineTools/SDKs/MacOSX12.3.sdk -fcolor-diagnostics   -Wdangling-else -MD -MT CMakeFiles/cmTC_a1435.dir/src.cxx.o -MF CMakeFiles/cmTC_a1435.dir/src.cxx.o.d -o CMakeFiles/cmTC_a1435.dir/src.cxx.o -c /Users/rachanaaluri/Desktop/cs211/final_project/cmake-build-debug/CMakeFiles/CMakeScratch/TryCompile-H8Lxfo/src.cxx
Linking CXX executable cmTC_a1435
/Applications/CLion.app/Contents/bin/cmake/mac/bin/cmake -E cmake_link_script CMakeFiles/cmTC_a1435.dir/link.txt --verbose=1
/Library/Developer/CommandLineTools/usr/bin/c++  -arch arm64 -isysroot /Library/Developer/CommandLineTools/SDKs/MacOSX12.3.sdk -Wl,-search_paths_first -Wl,-headerpad_max_install_names CMakeFiles/cmTC_a1435.dir/src.cxx.o -o cmTC_a1435 


Source file was:
int main() { return 0; }

Performing C++ SOURCE FILE Test CXXFLAG_WNULL_DEREFERENCE_OKAY succeeded with the following output:
Change Dir: /Users/rachanaaluri/Desktop/cs211/final_project/cmake-build-debug/CMakeFiles/CMakeScratch/TryCompile-xWC0pB

Run Build Command(s):/usr/bin/make -f Makefile cmTC_a7c94/fast && /Library/Developer/CommandLineTools/usr/bin/make  -f CMakeFiles/cmTC_a7c94.dir/build.make CMakeFiles/cmTC_a7c94.dir/build
Building CXX object CMakeFiles/cmTC_a7c94.dir/src.cxx.o
/Library/Developer/CommandLineTools/usr/bin/c++ -DCXXFLAG_WNULL_DEREFERENCE_OKAY  -arch arm64 -isysroot /Library/Developer/CommandLineTools/SDKs/MacOSX12.3.sdk -fcolor-diagnostics   -Wnull-dereference -MD -MT CMakeFiles/cmTC_a7c94.dir/src.cxx.o -MF CMakeFiles/cmTC_a7c94.dir/src.cxx.o.d -o CMakeFiles/cmTC_a7c94.dir/src.cxx.o -c /Users/rachanaaluri/Desktop/cs211/final_project/cmake-build-debug/CMakeFiles/CMakeScratch/TryCompile-xWC0pB/src.cxx
Linking CXX executable cmTC_a7c94
/Applications/CLion.app/Contents/bin/cmake/mac/bin/cmake -E cmake_link_script CMakeFiles/cmTC_a7c94.dir/link.txt --verbose=1
/Library/Developer/CommandLineTools/usr/bin/c++  -arch arm64 -isysroot /Library/Developer/CommandLineTools/SDKs/MacOSX12.3.sdk -Wl,-search_paths_first -Wl,-headerpad_max_install_names CMakeFiles/cmTC_a7c94.dir/src.cxx.o -o cmTC_a7c94 


Source file was:
int main() { return 0; }

Performing C++ SOURCE FILE Test CXXFLAG_WTYPE_LIMITS_OKAY succeeded with the following output:
Change Dir: /Users/rachanaaluri/Desktop/cs211/final_project/cmake-build-debug/CMakeFiles/CMakeScratch/TryCompile-sF3gJL

Run Build Command(s):/usr/bin/make -f Makefile cmTC_ab8e5/fast && /Library/Developer/CommandLineTools/usr/bin/make  -f CMakeFiles/cmTC_ab8e5.dir/build.make CMakeFiles/cmTC_ab8e5.dir/build
Building CXX object CMakeFiles/cmTC_ab8e5.dir/src.cxx.o
/Library/Developer/CommandLineTools/usr/bin/c++ -DCXXFLAG_WTYPE_LIMITS_OKAY  -arch arm64 -isysroot /Library/Developer/CommandLineTools/SDKs/MacOSX12.3.sdk -fcolor-diagnostics   -Wtype-limits -MD -MT CMakeFiles/cmTC_ab8e5.dir/src.cxx.o -MF CMakeFiles/cmTC_ab8e5.dir/src.cxx.o.d -o CMakeFiles/cmTC_ab8e5.dir/src.cxx.o -c /Users/rachanaaluri/Desktop/cs211/final_project/cmake-build-debug/CMakeFiles/CMakeScratch/TryCompile-sF3gJL/src.cxx
Linking CXX executable cmTC_ab8e5
/Applications/CLion.app/Contents/bin/cmake/mac/bin/cmake -E cmake_link_script CMakeFiles/cmTC_ab8e5.dir/link.txt --verbose=1
/Library/Developer/CommandLineTools/usr/bin/c++  -arch arm64 -isysroot /Library/Developer/CommandLineTools/SDKs/MacOSX12.3.sdk -Wl,-search_paths_first -Wl,-headerpad_max_install_names CMakeFiles/cmTC_ab8e5.dir/src.cxx.o -o cmTC_ab8e5 


Source file was:
int main() { return 0; }

Performing C++ SOURCE FILE Test CXXFLAG_WWRITE_STRINGS_OKAY succeeded with the following output:
Change Dir: /Users/rachanaaluri/Desktop/cs211/final_project/cmake-build-debug/CMakeFiles/CMakeScratch/TryCompile-DHqLeL

Run Build Command(s):/usr/bin/make -f Makefile cmTC_1c67b/fast && /Library/Developer/CommandLineTools/usr/bin/make  -f CMakeFiles/cmTC_1c67b.dir/build.make CMakeFiles/cmTC_1c67b.dir/build
Building CXX object CMakeFiles/cmTC_1c67b.dir/src.cxx.o
/Library/Developer/CommandLineTools/usr/bin/c++ -DCXXFLAG_WWRITE_STRINGS_OKAY  -arch arm64 -isysroot /Library/Developer/CommandLineTools/SDKs/MacOSX12.3.sdk -fcolor-diagnostics   -Wwrite-strings -MD -MT CMakeFiles/cmTC_1c67b.dir/src.cxx.o -MF CMakeFiles/cmTC_1c67b.dir/src.cxx.o.d -o CMakeFiles/cmTC_1c67b.dir/src.cxx.o -c /Users/rachanaaluri/Desktop/cs211/final_project/cmake-build-debug/CMakeFiles/CMakeScratch/TryCompile-DHqLeL/src.cxx
Linking CXX executable cmTC_1c67b
/Applications/CLion.app/Contents/bin/cmake/mac/bin/cmake -E cmake_link_script CMakeFiles/cmTC_1c67b.dir/link.txt --verbose=1
/Library/Developer/CommandLineTools/usr/bin/c++  -arch arm64 -isysroot /Library/Developer/CommandLineTools/SDKs/MacOSX12.3.sdk -Wl,-search_paths_first -Wl,-headerpad_max_install_names CMakeFiles/cmTC_1c67b.dir/src.cxx.o -o cmTC_1c67b 


Source file was:
int main() { return 0; }

Performing C++ SOURCE FILE Test CXXFLAG_WERROR_BOOL_OPERATION_OKAY succeeded with the following output:
Change Dir: /Users/rachanaaluri/Desktop/cs211/final_project/cmake-build-debug/CMakeFiles/CMakeScratch/TryCompile-0ITDSp

Run Build Command(s):/usr/bin/make -f Makefile cmTC_c14b2/fast && /Library/Developer/CommandLineTools/usr/bin/make  -f CMakeFiles/cmTC_c14b2.dir/build.make CMakeFiles/cmTC_c14b2.dir/build
Building CXX object CMakeFiles/cmTC_c14b2.dir/src.cxx.o
/Library/Developer/CommandLineTools/usr/bin/c++ -DCXXFLAG_WERROR_BOOL_OPERATION_OKAY  -arch arm64 -isysroot /Library/Developer/CommandLineTools/SDKs/MacOSX12.3.sdk -fcolor-diagnostics   -Werror=bool-operation -MD -MT CMakeFiles/cmTC_c14b2.dir/src.cxx.o -MF CMakeFiles/cmTC_c14b2.dir/src.cxx.o.d -o CMakeFiles/cmTC_c14b2.dir/src.cxx.o -c /Users/rachanaaluri/Desktop/cs211/final_project/cmake-build-debug/CMakeFiles/CMakeScratch/TryCompile-0ITDSp/src.cxx
Linking CXX executable cmTC_c14b2
/Applications/CLion.app/Contents/bin/cmake/mac/bin/cmake -E cmake_link_script CMakeFiles/cmTC_c14b2.dir/link.txt --verbose=1
/Library/Developer/CommandLineTools/usr/bin/c++  -arch arm64 -isysroot /Library/Developer/CommandLineTools/SDKs/MacOSX12.3.sdk -Wl,-search_paths_first -Wl,-headerpad_max_install_names CMakeFiles/cmTC_c14b2.dir/src.cxx.o -o cmTC_c14b2 


Source file was:
int main() { return 0; }

Performing C++ SOURCE FILE Test CXXFLAG_WERROR_INT_TO_POINTER_CAST_OKAY succeeded with the following output:
Change Dir: /Users/rachanaaluri/Desktop/cs211/final_project/cmake-build-debug/CMakeFiles/CMakeScratch/TryCompile-4r0Exu

Run Build Command(s):/usr/bin/make -f Makefile cmTC_cd632/fast && /Library/Developer/CommandLineTools/usr/bin/make  -f CMakeFiles/cmTC_cd632.dir/build.make CMakeFiles/cmTC_cd632.dir/build
Building CXX object CMakeFiles/cmTC_cd632.dir/src.cxx.o
/Library/Developer/CommandLineTools/usr/bin/c++ -DCXXFLAG_WERROR_INT_TO_POINTER_CAST_OKAY  -arch arm64 -isysroot /Library/Developer/CommandLineTools/SDKs/MacOSX12.3.sdk -fcolor-diagnostics   -Werror=int-to-pointer-cast -MD -MT CMakeFiles/cmTC_cd632.dir/src.cxx.o -MF CMakeFiles/cmTC_cd632.dir/src.cxx.o.d -o CMakeFiles/cmTC_cd632.dir/src.cxx.o -c /Users/rachanaaluri/Desktop/cs211/final_project/cmake-build-debug/CMakeFiles/CMakeScratch/TryCompile-4r0Exu/src.cxx
Linking CXX executable cmTC_cd632
/Applications/CLion.app/Contents/bin/cmake/mac/bin/cmake -E cmake_link_script CMakeFiles/cmTC_cd632.dir/link.txt --verbose=1
/Library/Developer/CommandLineTools/usr/bin/c++  -arch arm64 -isysroot /Library/Developer/CommandLineTools/SDKs/MacOSX12.3.sdk -Wl,-search_paths_first -Wl,-headerpad_max_install_names CMakeFiles/cmTC_cd632.dir/src.cxx.o -o cmTC_cd632 


Source file was:
int main() { return 0; }

Performing C++ SOURCE FILE Test CXXFLAG_WERROR_RETURN_TYPE_OKAY succeeded with the following output:
Change Dir: /Users/rachanaaluri/Desktop/cs211/final_project/cmake-build-debug/CMakeFiles/CMakeScratch/TryCompile-bzjb8z

Run Build Command(s):/usr/bin/make -f Makefile cmTC_f3f43/fast && /Library/Developer/CommandLineTools/usr/bin/make  -f CMakeFiles/cmTC_f3f43.dir/build.make CMakeFiles/cmTC_f3f43.dir/build
Building CXX object CMakeFiles/cmTC_f3f43.dir/src.cxx.o
/Library/Developer/CommandLineTools/usr/bin/c++ -DCXXFLAG_WERROR_RETURN_TYPE_OKAY  -arch arm64 -isysroot /Library/Developer/CommandLineTools/SDKs/MacOSX12.3.sdk -fcolor-diagnostics   -Werror=return-type -MD -MT CMakeFiles/cmTC_f3f43.dir/src.cxx.o -MF CMakeFiles/cmTC_f3f43.dir/src.cxx.o.d -o CMakeFiles/cmTC_f3f43.dir/src.cxx.o -c /Users/rachanaaluri/Desktop/cs211/final_project/cmake-build-debug/CMakeFiles/CMakeScratch/TryCompile-bzjb8z/src.cxx
Linking CXX executable cmTC_f3f43
/Applications/CLion.app/Contents/bin/cmake/mac/bin/cmake -E cmake_link_script CMakeFiles/cmTC_f3f43.dir/link.txt --verbose=1
/Library/Developer/CommandLineTools/usr/bin/c++  -arch arm64 -isysroot /Library/Developer/CommandLineTools/SDKs/MacOSX12.3.sdk -Wl,-search_paths_first -Wl,-headerpad_max_install_names CMakeFiles/cmTC_f3f43.dir/src.cxx.o -o cmTC_f3f43 


Source file was:
int main() { return 0; }

Performing C++ SOURCE FILE Test CXXFLAG_WERROR_UNINITIALIZED_OKAY succeeded with the following output:
Change Dir: /Users/rachanaaluri/Desktop/cs211/final_project/cmake-build-debug/CMakeFiles/CMakeScratch/TryCompile-X8ffdx

Run Build Command(s):/usr/bin/make -f Makefile cmTC_2af29/fast && /Library/Developer/CommandLineTools/usr/bin/make  -f CMakeFiles/cmTC_2af29.dir/build.make CMakeFiles/cmTC_2af29.dir/build
Building CXX object CMakeFiles/cmTC_2af29.dir/src.cxx.o
/Library/Developer/CommandLineTools/usr/bin/c++ -DCXXFLAG_WERROR_UNINITIALIZED_OKAY  -arch arm64 -isysroot /Library/Developer/CommandLineTools/SDKs/MacOSX12.3.sdk -fcolor-diagnostics   -Werror=uninitialized -MD -MT CMakeFiles/cmTC_2af29.dir/src.cxx.o -MF CMakeFiles/cmTC_2af29.dir/src.cxx.o.d -o CMakeFiles/cmTC_2af29.dir/src.cxx.o -c /Users/rachanaaluri/Desktop/cs211/final_project/cmake-build-debug/CMakeFiles/CMakeScratch/TryCompile-X8ffdx/src.cxx
Linking CXX executable cmTC_2af29
/Applications/CLion.app/Contents/bin/cmake/mac/bin/cmake -E cmake_link_script CMakeFiles/cmTC_2af29.dir/link.txt --verbose=1
/Library/Developer/CommandLineTools/usr/bin/c++  -arch arm64 -isysroot /Library/Developer/CommandLineTools/SDKs/MacOSX12.3.sdk -Wl,-search_paths_first -Wl,-headerpad_max_install_names CMakeFiles/cmTC_2af29.dir/src.cxx.o -o cmTC_2af29 


Source file was:
int main() { return 0; }

Performing C++ SOURCE FILE Test LDFLAG_FSANITIZE_UNDEFINED_OKAY succeeded with the following output:
Change Dir: /Users/rachanaaluri/Desktop/cs211/final_project/cmake-build-debug/CMakeFiles/CMakeScratch/TryCompile-qT2Z1K

Run Build Command(s):/usr/bin/make -f Makefile cmTC_33364/fast && /Library/Developer/CommandLineTools/usr/bin/make  -f CMakeFiles/cmTC_33364.dir/build.make CMakeFiles/cmTC_33364.dir/build
Building CXX object CMakeFiles/cmTC_33364.dir/src.cxx.o
/Library/Developer/CommandLineTools/usr/bin/c++ -DLDFLAG_FSANITIZE_UNDEFINED_OKAY  -fsanitize=undefined  -arch arm64 -isysroot /Library/Developer/CommandLineTools/SDKs/MacOSX12.3.sdk -fcolor-diagnostics -MD -MT CMakeFiles/cmTC_33364.dir/src.cxx.o -MF CMakeFiles/cmTC_33364.dir/src.cxx.o.d -o CMakeFiles/cmTC_33364.dir/src.cxx.o -c /Users/rachanaaluri/Desktop/cs211/final_project/cmake-build-debug/CMakeFiles/CMakeScratch/TryCompile-qT2Z1K/src.cxx
Linking CXX executable cmTC_33364
/Applications/CLion.app/Contents/bin/cmake/mac/bin/cmake -E cmake_link_script CMakeFiles/cmTC_33364.dir/link.txt --verbose=1
/Library/Developer/CommandLineTools/usr/bin/c++  -fsanitize=undefined  -arch arm64 -isysroot /Library/Developer/CommandLineTools/SDKs/MacOSX12.3.sdk -Wl,-search_paths_first -Wl,-headerpad_max_install_names CMakeFiles/cmTC_33364.dir/src.cxx.o -o cmTC_33364 


Source file was:
int main(){}

